2025-08-31 23:42:39,511 ERROR timetables_loader: Error in TimetablesLoader: 'TimetablesLoader' object has no attribute 'eva'
2025-08-31 23:42:39,511 INFO timetables_loader: TimetablesLoader stopped due to error
2025-08-31 23:43:27,432 ERROR timetables_loader: Error in TimetablesLoader: 'TimetablesLoader' object has no attribute 'eva_no'
2025-08-31 23:43:27,432 INFO timetables_loader: TimetablesLoader stopped due to error
2025-08-31 23:43:40,694 ERROR timetables_loader: Error in TimetablesLoader: Logger.error() missing 1 required positional argument: 'msg'
2025-08-31 23:43:40,695 INFO timetables_loader: TimetablesLoader stopped due to error
2025-08-31 23:46:48,685 ERROR timetables_loader: Error in TimetablesLoader: Logger.error() missing 1 required positional argument: 'msg'
2025-08-31 23:46:48,685 INFO timetables_loader: TimetablesLoader stopped due to error
2025-08-31 23:47:36,271 ERROR timetables_loader: Error in TimetablesLoader: Logger.error() missing 1 required positional argument: 'msg'
2025-08-31 23:47:36,272 INFO timetables_loader: TimetablesLoader stopped due to error
2025-08-31 23:50:18,768 ERROR timetables_loader: Error in TimetablesLoader: Logger.error() missing 1 required positional argument: 'self'
2025-08-31 23:50:18,768 INFO timetables_loader: TimetablesLoader stopped due to error
2025-08-31 23:51:46,130 ERROR timetables_loader: Error in TimetablesLoader: join() argument must be str, bytes, or os.PathLike object, not 'int'
2025-08-31 23:51:46,130 INFO timetables_loader: TimetablesLoader stopped due to error
2025-09-01 00:09:52,026 ERROR timetables_loader: Error in TimetablesLoader: join() argument must be str, bytes, or os.PathLike object, not 'int'
2025-09-01 00:09:52,026 INFO timetables_loader: TimetablesLoader stopped due to error
2025-09-01 00:11:22,335 ERROR timetables_loader: Error in TimetablesLoader: TimetableCache.get_planned_cache_time_end() missing 1 required positional argument: 'eva_no'
2025-09-01 00:11:22,335 INFO timetables_loader: TimetablesLoader stopped due to error
2025-09-01 00:31:48,444 INFO timetables_loader: Stopping TimetablesLoader
2025-09-01 00:31:48,445 INFO timetables_loader: TimetablesLoader stopped
2025-09-01 00:45:52,581 ERROR timetables_loader: Error in TimetablesLoader: TimetableCache.get_planned_cache_time_end() missing 1 required positional argument: 'eva_no'
2025-09-01 00:45:52,581 INFO timetables_loader: TimetablesLoader stopped due to error
2025-09-01 00:46:35,898 ERROR timetables_loader: Error in TimetablesLoader: TimetableCache.get_planned_cache_time_end() missing 1 required positional argument: 'eva_no'
2025-09-01 00:46:35,899 INFO timetables_loader: TimetablesLoader stopped due to error
2025-09-01 00:58:13,883 INFO timetables_loader: Stopping TimetablesLoader
2025-09-01 00:58:13,885 INFO timetables_loader: TimetablesLoader stopped
2025-09-01 00:58:14,324 ERROR timetables_loader: Error in TimetablesLoader: Cannot combine Timetables for different stations
2025-09-01 00:58:14,324 INFO timetables_loader: TimetablesLoader stopped due to error
2025-09-01 01:57:33,543 INFO timetables_loader: Stopping TimetablesLoader
2025-09-01 01:57:33,545 INFO timetables_loader: TimetablesLoader stopped
2025-09-01 01:58:22,525 ERROR timetables_loader: Error in TimetablesLoader: Cannot combine Timetables for different stations
2025-09-01 01:58:22,526 INFO timetables_loader: TimetablesLoader stopped due to error
2025-09-01 01:59:29,224 INFO timetables_loader: Stopping TimetablesLoader
2025-09-01 01:59:29,225 INFO timetables_loader: TimetablesLoader stopped
2025-09-01 01:59:32,820 INFO timetables_loader: Stopping TimetablesLoader
2025-09-01 01:59:32,820 INFO timetables_loader: TimetablesLoader stopped
2025-09-01 01:59:34,668 ERROR timetables_loader: Error in TimetablesLoader: Cannot combine Timetables for different stations
2025-09-01 01:59:34,668 INFO timetables_loader: TimetablesLoader stopped due to error
2025-09-01 02:00:24,732 INFO timetables_loader: Stopping TimetablesLoader
2025-09-01 02:00:24,733 INFO timetables_loader: TimetablesLoader stopped
2025-09-01 02:00:26,837 ERROR timetables_loader: Error in TimetablesLoader: Cannot combine Timetables for different stations
2025-09-01 02:00:26,837 INFO timetables_loader: TimetablesLoader stopped due to error
2025-09-01 02:00:30,210 ERROR timetables_loader: Error in TimetablesLoader: Cannot combine Timetables for different stations
2025-09-01 02:00:30,211 INFO timetables_loader: TimetablesLoader stopped due to error
2025-09-01 02:01:22,384 INFO timetables_loader: Stopping TimetablesLoader
2025-09-01 02:01:22,385 INFO timetables_loader: TimetablesLoader stopped
2025-09-01 02:01:24,619 ERROR timetables_loader: Error in TimetablesLoader: 'TimetableStop' object has no attribute 'pt'
2025-09-01 02:01:24,619 INFO timetables_loader: TimetablesLoader stopped due to error
2025-09-01 02:04:06,829 ERROR timetables_loader: Error in TimetablesLoader: 'TimetableStop' object has no attribute 'pt'
2025-09-01 02:04:06,829 INFO timetables_loader: TimetablesLoader stopped due to error
2025-09-01 02:05:49,531 ERROR timetables_loader: Error in TimetablesLoader: 'TimetableStop' object has no attribute 'pt'
2025-09-01 02:05:49,534 INFO timetables_loader: TimetablesLoader stopped due to error
2025-09-01 02:06:12,783 ERROR timetables_loader: Error in TimetablesLoader: 'str' object cannot be interpreted as an integer
2025-09-01 02:06:12,785 INFO timetables_loader: TimetablesLoader stopped due to error
2025-09-01 02:07:26,187 ERROR timetables_loader: Error in TimetablesLoader: time data '2509010037' does not match format '%Y%m%d%H%M'
2025-09-01 02:07:26,188 INFO timetables_loader: TimetablesLoader stopped due to error
2025-09-01 02:09:00,240 ERROR timetables_loader: Error in TimetablesLoader: name 'load_cached_stops' is not defined
2025-09-01 02:09:04,616 INFO timetables_loader: TimetablesLoader stopped due to error
2025-09-01 02:11:42,879 ERROR timetables_loader: Error in TimetablesLoader: [Errno 2] No such file or directory: '../Data/8000297/_stats.json'
2025-09-01 02:11:42,879 INFO timetables_loader: TimetablesLoader stopped due to error
2025-09-01 02:12:24,149 ERROR timetables_loader: Error in TimetablesLoader: Object of type Event is not JSON serializable
2025-09-01 02:12:24,149 INFO timetables_loader: TimetablesLoader stopped due to error
2025-09-01 02:13:10,059 ERROR timetables_loader: Error in TimetablesLoader: Expecting value: line 4 column 19 (char 57)
2025-09-01 02:13:10,060 INFO timetables_loader: TimetablesLoader stopped due to error
2025-09-01 02:14:11,285 ERROR timetables_loader: Error in TimetablesLoader: Expecting value: line 4 column 19 (char 57)
2025-09-01 02:14:11,286 INFO timetables_loader: TimetablesLoader stopped due to error
2025-09-01 02:14:48,557 ERROR timetables_loader: Error in TimetablesLoader: 'TimetableStop' object has no attribute 'pt'
2025-09-01 02:14:48,558 INFO timetables_loader: TimetablesLoader stopped due to error
2025-09-01 02:16:21,142 ERROR timetables_loader: Error in TimetablesLoader: 'TimetableStop' object has no attribute 'pt'
2025-09-01 02:16:21,142 INFO timetables_loader: TimetablesLoader stopped due to error
2025-09-01 02:17:31,890 ERROR timetables_loader: Error in TimetablesLoader: TimetableCache.get_planned_cache_time_end() missing 1 required positional argument: 'eva_no'
2025-09-01 02:17:31,891 INFO timetables_loader: TimetablesLoader stopped due to error
2025-09-01 02:20:46,159 INFO timetables_loader: Stopping TimetablesLoader
2025-09-01 02:20:46,160 INFO timetables_loader: TimetablesLoader stopped
2025-09-01 02:26:33,330 INFO timetables_loader: Stopping TimetablesLoader
2025-09-01 02:26:33,331 INFO timetables_loader: TimetablesLoader stopped
2025-09-01 02:31:37,931 INFO timetables_loader: Stopping TimetablesLoader
2025-09-01 02:31:37,932 INFO timetables_loader: TimetablesLoader stopped
2025-09-01 02:31:54,318 INFO timetables_loader: Starting TimetablesLoader
2025-09-01 02:31:54,651 INFO timetables_loader: Finished initial fetch
2025-09-01 02:31:54,651 INFO timetables_loader: Start interval fetching ...
2025-09-01 02:31:54,652 INFO timetables_loader: Loading more planned data ...
2025-09-01 02:31:54,689 INFO timetables_loader: Loading more planned data ...
2025-09-01 02:31:54,716 INFO timetables_loader: Loading more planned data ...
2025-09-01 02:31:54,743 INFO timetables_loader: Loading more planned data ...
2025-09-01 02:31:54,770 INFO timetables_loader: Loading more planned data ...
2025-09-01 02:31:54,797 INFO timetables_loader: Loading more planned data ...
2025-09-01 02:31:54,824 INFO timetables_loader: Loading more planned data ...
2025-09-01 02:31:54,860 INFO timetables_loader: Loading more planned data ...
2025-09-01 02:31:54,889 INFO timetables_loader: Loading more planned data ...
2025-09-01 02:31:54,917 INFO timetables_loader: Loading more planned data ...
2025-09-01 02:31:54,948 INFO timetables_loader: Loading more planned data ...
2025-09-01 02:31:54,977 INFO timetables_loader: Loading more planned data ...
2025-09-01 02:31:55,005 INFO timetables_loader: Loading more planned data ...
2025-09-01 02:31:55,037 INFO timetables_loader: Loading more planned data ...
2025-09-01 02:31:55,070 INFO timetables_loader: Loading more planned data ...
2025-09-01 02:31:55,100 INFO timetables_loader: Loading more planned data ...
2025-09-01 02:31:55,132 INFO timetables_loader: Loading more planned data ...
2025-09-01 02:31:55,163 INFO timetables_loader: Loading more planned data ...
2025-09-01 02:31:55,191 INFO timetables_loader: Loading more planned data ...
2025-09-01 02:31:55,222 INFO timetables_loader: Loading more planned data ...
2025-09-01 02:31:55,250 INFO timetables_loader: Loading more planned data ...
2025-09-01 02:31:55,286 INFO timetables_loader: Loading more planned data ...
2025-09-01 02:31:55,315 INFO timetables_loader: Loading more planned data ...
2025-09-01 02:31:55,344 INFO timetables_loader: Loading more planned data ...
2025-09-01 02:31:55,373 INFO timetables_loader: Loading more planned data ...
2025-09-01 02:31:55,401 INFO timetables_loader: Loading more planned data ...
2025-09-01 02:31:55,429 INFO timetables_loader: Loading more planned data ...
2025-09-01 02:31:55,457 INFO timetables_loader: Loading more planned data ...
2025-09-01 02:31:55,486 INFO timetables_loader: Loading more planned data ...
2025-09-01 02:31:55,513 INFO timetables_loader: Loading more planned data ...
2025-09-01 02:31:55,545 INFO timetables_loader: Loading more planned data ...
2025-09-01 02:31:55,574 INFO timetables_loader: Loading more planned data ...
2025-09-01 02:31:55,607 INFO timetables_loader: Loading more planned data ...
2025-09-01 02:31:55,636 INFO timetables_loader: Loading more planned data ...
2025-09-01 02:31:55,680 INFO timetables_loader: Loading more planned data ...
2025-09-01 02:31:55,710 INFO timetables_loader: Loading more planned data ...
2025-09-01 02:31:55,739 INFO timetables_loader: Loading more planned data ...
2025-09-01 02:31:55,774 INFO timetables_loader: Loading more planned data ...
2025-09-01 02:31:55,802 INFO timetables_loader: Loading more planned data ...
2025-09-01 02:31:55,830 INFO timetables_loader: Loading more planned data ...
2025-09-01 02:31:55,857 INFO timetables_loader: Loading more planned data ...
2025-09-01 02:31:55,890 INFO timetables_loader: Loading more planned data ...
2025-09-01 02:31:55,918 INFO timetables_loader: Loading more planned data ...
2025-09-01 02:31:55,946 INFO timetables_loader: Loading more planned data ...
2025-09-01 02:31:55,975 INFO timetables_loader: Loading more planned data ...
2025-09-01 02:31:56,014 INFO timetables_loader: Loading more planned data ...
2025-09-01 02:31:56,047 INFO timetables_loader: Loading more planned data ...
2025-09-01 02:31:56,079 INFO timetables_loader: Loading more planned data ...
2025-09-01 02:31:56,110 INFO timetables_loader: Loading more planned data ...
2025-09-01 02:31:56,146 INFO timetables_loader: Loading more planned data ...
2025-09-01 02:31:56,175 INFO timetables_loader: Loading more planned data ...
2025-09-01 02:31:56,203 INFO timetables_loader: Loading more planned data ...
2025-09-01 02:31:56,232 INFO timetables_loader: Loading more planned data ...
2025-09-01 02:31:56,263 INFO timetables_loader: Loading more planned data ...
2025-09-01 02:31:56,292 INFO timetables_loader: Loading more planned data ...
2025-09-01 02:31:56,321 INFO timetables_loader: Loading more planned data ...
2025-09-01 02:31:56,361 INFO timetables_loader: Loading more planned data ...
2025-09-01 02:31:56,390 INFO timetables_loader: Loading more planned data ...
2025-09-01 02:31:56,421 INFO timetables_loader: Loading more planned data ...
2025-09-01 02:31:56,450 INFO timetables_loader: Loading more planned data ...
2025-09-01 02:31:56,478 INFO timetables_loader: Loading more planned data ...
2025-09-01 02:31:56,512 INFO timetables_loader: Loading more planned data ...
2025-09-01 02:31:56,541 INFO timetables_loader: Loading more planned data ...
2025-09-01 02:31:56,569 INFO timetables_loader: Loading more planned data ...
2025-09-01 02:31:56,599 INFO timetables_loader: Loading more planned data ...
2025-09-01 02:31:56,628 INFO timetables_loader: Loading more planned data ...
2025-09-01 02:31:56,658 INFO timetables_loader: Loading more planned data ...
2025-09-01 02:31:56,688 INFO timetables_loader: Loading more planned data ...
2025-09-01 02:31:56,717 INFO timetables_loader: Loading more planned data ...
2025-09-01 02:31:56,750 INFO timetables_loader: Loading more planned data ...
2025-09-01 02:31:56,784 INFO timetables_loader: Loading more planned data ...
2025-09-01 02:31:56,815 INFO timetables_loader: Loading more planned data ...
2025-09-01 02:31:56,846 INFO timetables_loader: Loading more planned data ...
2025-09-01 02:31:56,875 INFO timetables_loader: Loading more planned data ...
2025-09-01 02:31:56,906 INFO timetables_loader: Loading more planned data ...
2025-09-01 02:31:56,935 INFO timetables_loader: Loading more planned data ...
2025-09-01 02:31:56,965 INFO timetables_loader: Loading more planned data ...
2025-09-01 02:31:57,015 INFO timetables_loader: Loading more planned data ...
2025-09-01 02:31:57,046 INFO timetables_loader: Loading more planned data ...
2025-09-01 02:31:57,081 INFO timetables_loader: Loading more planned data ...
2025-09-01 02:31:57,116 INFO timetables_loader: Loading more planned data ...
2025-09-01 02:31:57,146 INFO timetables_loader: Loading more planned data ...
2025-09-01 02:31:57,175 INFO timetables_loader: Loading more planned data ...
2025-09-01 02:31:57,208 INFO timetables_loader: Loading more planned data ...
2025-09-01 02:31:57,242 INFO timetables_loader: Loading more planned data ...
2025-09-01 02:31:57,273 INFO timetables_loader: Loading more planned data ...
2025-09-01 02:31:57,305 INFO timetables_loader: Loading more planned data ...
2025-09-01 02:31:57,336 INFO timetables_loader: Loading more planned data ...
2025-09-01 02:31:57,368 INFO timetables_loader: Loading more planned data ...
2025-09-01 02:31:57,396 INFO timetables_loader: Loading more planned data ...
2025-09-01 02:31:57,431 INFO timetables_loader: Loading more planned data ...
2025-09-01 02:31:57,467 INFO timetables_loader: Loading more planned data ...
2025-09-01 02:31:57,498 INFO timetables_loader: Loading more planned data ...
2025-09-01 02:31:57,530 INFO timetables_loader: Loading more planned data ...
2025-09-01 02:31:57,561 INFO timetables_loader: Loading more planned data ...
2025-09-01 02:31:57,590 INFO timetables_loader: Loading more planned data ...
2025-09-01 02:31:57,618 INFO timetables_loader: Loading more planned data ...
2025-09-01 02:31:57,651 INFO timetables_loader: Loading more planned data ...
2025-09-01 02:31:57,683 INFO timetables_loader: Loading more planned data ...
2025-09-01 02:31:57,716 INFO timetables_loader: Loading more planned data ...
2025-09-01 02:31:57,745 INFO timetables_loader: Loading more planned data ...
2025-09-01 02:31:57,775 INFO timetables_loader: Loading more planned data ...
2025-09-01 02:31:57,804 INFO timetables_loader: Loading more planned data ...
2025-09-01 02:31:57,836 INFO timetables_loader: Loading more planned data ...
2025-09-01 02:31:57,871 INFO timetables_loader: Loading more planned data ...
2025-09-01 02:31:57,905 INFO timetables_loader: Loading more planned data ...
2025-09-01 02:31:57,934 INFO timetables_loader: Loading more planned data ...
2025-09-01 02:31:57,964 INFO timetables_loader: Loading more planned data ...
2025-09-01 02:31:57,997 INFO timetables_loader: Loading more planned data ...
2025-09-01 02:31:58,033 INFO timetables_loader: Loading more planned data ...
2025-09-01 02:31:58,082 INFO timetables_loader: Loading more planned data ...
2025-09-01 02:31:58,114 INFO timetables_loader: Loading more planned data ...
2025-09-01 02:31:58,150 INFO timetables_loader: Loading more planned data ...
2025-09-01 02:31:58,181 INFO timetables_loader: Loading more planned data ...
2025-09-01 02:31:58,215 INFO timetables_loader: Loading more planned data ...
2025-09-01 02:31:58,245 INFO timetables_loader: Loading more planned data ...
2025-09-01 02:31:58,277 INFO timetables_loader: Loading more planned data ...
2025-09-01 02:31:58,313 INFO timetables_loader: Loading more planned data ...
2025-09-01 02:31:58,349 INFO timetables_loader: Loading more planned data ...
2025-09-01 02:31:58,380 INFO timetables_loader: Loading more planned data ...
2025-09-01 02:31:58,411 INFO timetables_loader: Loading more planned data ...
2025-09-01 02:31:58,444 INFO timetables_loader: Loading more planned data ...
2025-09-01 02:31:58,481 INFO timetables_loader: Loading more planned data ...
2025-09-01 02:31:58,511 INFO timetables_loader: Loading more planned data ...
2025-09-01 02:31:58,543 INFO timetables_loader: Loading more planned data ...
2025-09-01 02:31:58,577 INFO timetables_loader: Loading more planned data ...
2025-09-01 02:31:58,608 INFO timetables_loader: Loading more planned data ...
2025-09-01 02:31:58,638 INFO timetables_loader: Loading more planned data ...
2025-09-01 02:31:58,671 INFO timetables_loader: Loading more planned data ...
2025-09-01 02:31:58,701 INFO timetables_loader: Loading more planned data ...
2025-09-01 02:31:58,732 INFO timetables_loader: Loading more planned data ...
2025-09-01 02:31:58,763 INFO timetables_loader: Loading more planned data ...
2025-09-01 02:31:58,795 INFO timetables_loader: Loading more planned data ...
2025-09-01 02:31:58,829 INFO timetables_loader: Loading more planned data ...
2025-09-01 02:31:58,858 INFO timetables_loader: Loading more planned data ...
2025-09-01 02:31:58,889 INFO timetables_loader: Loading more planned data ...
2025-09-01 02:31:58,919 INFO timetables_loader: Loading more planned data ...
2025-09-01 02:31:58,950 INFO timetables_loader: Loading more planned data ...
2025-09-01 02:31:58,982 INFO timetables_loader: Loading more planned data ...
2025-09-01 02:31:59,013 INFO timetables_loader: Loading more planned data ...
2025-09-01 02:31:59,045 INFO timetables_loader: Loading more planned data ...
2025-09-01 02:31:59,075 INFO timetables_loader: Loading more planned data ...
2025-09-01 02:31:59,106 INFO timetables_loader: Loading more planned data ...
2025-09-01 02:31:59,137 INFO timetables_loader: Loading more planned data ...
2025-09-01 02:31:59,166 INFO timetables_loader: Loading more planned data ...
2025-09-01 02:31:59,195 INFO timetables_loader: Loading more planned data ...
2025-09-01 02:31:59,228 INFO timetables_loader: Loading more planned data ...
2025-09-01 02:31:59,262 INFO timetables_loader: Loading more planned data ...
2025-09-01 02:31:59,296 INFO timetables_loader: Loading more planned data ...
2025-09-01 02:31:59,328 INFO timetables_loader: Loading more planned data ...
2025-09-01 02:31:59,359 INFO timetables_loader: Loading more planned data ...
2025-09-01 02:31:59,388 INFO timetables_loader: Loading more planned data ...
2025-09-01 02:31:59,418 INFO timetables_loader: Loading more planned data ...
2025-09-01 02:31:59,447 INFO timetables_loader: Loading more planned data ...
2025-09-01 02:31:59,478 INFO timetables_loader: Loading more planned data ...
2025-09-01 02:31:59,511 INFO timetables_loader: Loading more planned data ...
2025-09-01 02:31:59,544 INFO timetables_loader: Loading more planned data ...
2025-09-01 02:31:59,587 INFO timetables_loader: Loading more planned data ...
2025-09-01 02:31:59,618 INFO timetables_loader: Loading more planned data ...
2025-09-01 02:31:59,652 INFO timetables_loader: Loading more planned data ...
2025-09-01 02:31:59,686 INFO timetables_loader: Loading more planned data ...
2025-09-01 02:31:59,717 INFO timetables_loader: Loading more planned data ...
2025-09-01 02:31:59,745 INFO timetables_loader: Loading more planned data ...
2025-09-01 02:31:59,776 INFO timetables_loader: Loading more planned data ...
2025-09-01 02:31:59,806 INFO timetables_loader: Loading more planned data ...
2025-09-01 02:31:59,835 INFO timetables_loader: Loading more planned data ...
2025-09-01 02:31:59,865 INFO timetables_loader: Loading more planned data ...
2025-09-01 02:31:59,896 INFO timetables_loader: Loading more planned data ...
2025-09-01 02:31:59,927 INFO timetables_loader: Loading more planned data ...
2025-09-01 02:31:59,957 INFO timetables_loader: Loading more planned data ...
2025-09-01 02:31:59,988 INFO timetables_loader: Loading more planned data ...
2025-09-01 02:32:00,022 INFO timetables_loader: Loading more planned data ...
2025-09-01 02:32:00,055 INFO timetables_loader: Loading more planned data ...
2025-09-01 02:32:00,095 INFO timetables_loader: Loading more planned data ...
2025-09-01 02:32:00,137 INFO timetables_loader: Loading more planned data ...
2025-09-01 02:32:00,177 INFO timetables_loader: Loading more planned data ...
2025-09-01 02:32:00,221 INFO timetables_loader: Loading more planned data ...
2025-09-01 02:32:00,254 INFO timetables_loader: Loading more planned data ...
2025-09-01 02:32:00,288 INFO timetables_loader: Loading more planned data ...
2025-09-01 02:32:00,333 INFO timetables_loader: Loading more planned data ...
2025-09-01 02:32:00,367 INFO timetables_loader: Loading more planned data ...
2025-09-01 02:32:00,410 INFO timetables_loader: Loading more planned data ...
2025-09-01 02:32:00,442 INFO timetables_loader: Loading more planned data ...
2025-09-01 02:32:00,489 INFO timetables_loader: Loading more planned data ...
2025-09-01 02:32:00,516 INFO timetables_loader: Loading more planned data ...
2025-09-01 02:32:00,549 INFO timetables_loader: Loading more planned data ...
2025-09-01 02:32:00,578 INFO timetables_loader: Loading more planned data ...
2025-09-01 02:32:00,605 INFO timetables_loader: Loading more planned data ...
2025-09-01 02:32:00,633 INFO timetables_loader: Loading more planned data ...
2025-09-01 02:32:00,664 INFO timetables_loader: Loading more planned data ...
2025-09-01 02:32:00,693 INFO timetables_loader: Loading more planned data ...
2025-09-01 02:32:00,727 INFO timetables_loader: Loading more planned data ...
2025-09-01 02:32:00,764 INFO timetables_loader: Loading more planned data ...
2025-09-01 02:32:00,792 INFO timetables_loader: Loading more planned data ...
2025-09-01 02:32:00,821 INFO timetables_loader: Loading more planned data ...
2025-09-01 02:32:00,850 INFO timetables_loader: Loading more planned data ...
2025-09-01 02:32:00,880 INFO timetables_loader: Loading more planned data ...
2025-09-01 02:32:00,908 INFO timetables_loader: Loading more planned data ...
2025-09-01 02:32:00,941 INFO timetables_loader: Loading more planned data ...
2025-09-01 02:32:00,969 INFO timetables_loader: Loading more planned data ...
2025-09-01 02:32:01,009 INFO timetables_loader: Loading more planned data ...
2025-09-01 02:32:01,054 INFO timetables_loader: Loading more planned data ...
2025-09-01 02:32:01,093 INFO timetables_loader: Loading more planned data ...
2025-09-01 02:32:01,126 INFO timetables_loader: Loading more planned data ...
2025-09-01 02:32:01,160 INFO timetables_loader: Loading more planned data ...
2025-09-01 02:32:01,192 INFO timetables_loader: Loading more planned data ...
2025-09-01 02:32:01,225 INFO timetables_loader: Loading more planned data ...
2025-09-01 02:32:01,255 INFO timetables_loader: Loading more planned data ...
2025-09-01 02:32:01,286 INFO timetables_loader: Loading more planned data ...
2025-09-01 02:32:01,317 INFO timetables_loader: Loading more planned data ...
2025-09-01 02:32:01,346 INFO timetables_loader: Loading more planned data ...
2025-09-01 02:32:01,375 INFO timetables_loader: Loading more planned data ...
2025-09-01 02:32:01,410 INFO timetables_loader: Loading more planned data ...
2025-09-01 02:32:01,440 INFO timetables_loader: Loading more planned data ...
2025-09-01 02:32:01,470 INFO timetables_loader: Loading more planned data ...
2025-09-01 02:32:01,505 INFO timetables_loader: Loading more planned data ...
2025-09-01 02:32:01,541 INFO timetables_loader: Loading more planned data ...
2025-09-01 02:32:01,578 INFO timetables_loader: Loading more planned data ...
2025-09-01 02:32:01,623 INFO timetables_loader: Loading more planned data ...
2025-09-01 02:32:01,653 INFO timetables_loader: Loading more planned data ...
2025-09-01 02:32:01,684 INFO timetables_loader: Loading more planned data ...
2025-09-01 02:32:01,714 INFO timetables_loader: Loading more planned data ...
2025-09-01 02:32:01,752 INFO timetables_loader: Loading more planned data ...
2025-09-01 02:32:01,784 INFO timetables_loader: Loading more planned data ...
2025-09-01 02:32:01,822 INFO timetables_loader: Loading more planned data ...
2025-09-01 02:32:01,858 INFO timetables_loader: Loading more planned data ...
2025-09-01 02:32:01,891 INFO timetables_loader: Loading more planned data ...
2025-09-01 02:32:01,924 INFO timetables_loader: Loading more planned data ...
2025-09-01 02:32:01,953 INFO timetables_loader: Loading more planned data ...
2025-09-01 02:32:01,985 INFO timetables_loader: Loading more planned data ...
2025-09-01 02:32:02,014 INFO timetables_loader: Loading more planned data ...
2025-09-01 02:32:02,044 INFO timetables_loader: Loading more planned data ...
2025-09-01 02:32:02,076 INFO timetables_loader: Loading more planned data ...
2025-09-01 02:32:02,105 INFO timetables_loader: Loading more planned data ...
2025-09-01 02:32:02,136 INFO timetables_loader: Loading more planned data ...
2025-09-01 02:32:02,167 INFO timetables_loader: Loading more planned data ...
2025-09-01 02:32:02,194 INFO timetables_loader: Loading more planned data ...
2025-09-01 02:32:02,220 INFO timetables_loader: Loading more planned data ...
2025-09-01 02:32:02,248 INFO timetables_loader: Loading more planned data ...
2025-09-01 02:32:02,274 INFO timetables_loader: Loading more planned data ...
2025-09-01 02:32:02,301 INFO timetables_loader: Loading more planned data ...
2025-09-01 02:32:02,333 INFO timetables_loader: Loading more planned data ...
2025-09-01 02:32:02,365 INFO timetables_loader: Loading more planned data ...
2025-09-01 02:32:02,399 INFO timetables_loader: Loading more planned data ...
2025-09-01 02:32:02,430 INFO timetables_loader: Loading more planned data ...
2025-09-01 02:32:02,458 INFO timetables_loader: Loading more planned data ...
2025-09-01 02:32:02,489 INFO timetables_loader: Loading more planned data ...
2025-09-01 02:32:02,522 INFO timetables_loader: Loading more planned data ...
2025-09-01 02:32:02,551 INFO timetables_loader: Loading more planned data ...
2025-09-01 02:32:02,584 INFO timetables_loader: Loading more planned data ...
2025-09-01 02:32:02,616 INFO timetables_loader: Loading more planned data ...
2025-09-01 02:32:02,646 INFO timetables_loader: Loading more planned data ...
2025-09-01 02:32:02,677 INFO timetables_loader: Loading more planned data ...
2025-09-01 02:32:02,705 INFO timetables_loader: Loading more planned data ...
2025-09-01 02:32:02,736 INFO timetables_loader: Loading more planned data ...
2025-09-01 02:32:02,765 INFO timetables_loader: Loading more planned data ...
2025-09-01 02:32:02,793 INFO timetables_loader: Loading more planned data ...
2025-09-01 02:32:02,824 INFO timetables_loader: Loading more planned data ...
2025-09-01 02:32:02,852 INFO timetables_loader: Loading more planned data ...
2025-09-01 02:32:02,888 INFO timetables_loader: Loading more planned data ...
2025-09-01 02:32:02,919 INFO timetables_loader: Loading more planned data ...
2025-09-01 02:32:02,974 INFO timetables_loader: Loading more planned data ...
2025-09-01 02:32:03,006 INFO timetables_loader: Loading more planned data ...
2025-09-01 02:32:03,038 INFO timetables_loader: Loading more planned data ...
2025-09-01 02:32:03,066 INFO timetables_loader: Loading more planned data ...
2025-09-01 02:32:03,094 INFO timetables_loader: Loading more planned data ...
2025-09-01 02:32:03,133 INFO timetables_loader: Loading more planned data ...
2025-09-01 02:32:03,168 INFO timetables_loader: Loading more planned data ...
2025-09-01 02:32:03,197 INFO timetables_loader: Loading more planned data ...
2025-09-01 02:32:03,228 INFO timetables_loader: Loading more planned data ...
2025-09-01 02:32:03,260 INFO timetables_loader: Loading more planned data ...
2025-09-01 02:32:03,291 INFO timetables_loader: Loading more planned data ...
2025-09-01 02:32:03,320 INFO timetables_loader: Loading more planned data ...
2025-09-01 02:32:03,347 INFO timetables_loader: Loading more planned data ...
2025-09-01 02:32:03,373 INFO timetables_loader: Loading more planned data ...
2025-09-01 02:32:03,399 INFO timetables_loader: Loading more planned data ...
2025-09-01 02:32:03,426 INFO timetables_loader: Loading more planned data ...
2025-09-01 02:32:03,453 INFO timetables_loader: Loading more planned data ...
2025-09-01 02:32:03,480 INFO timetables_loader: Loading more planned data ...
2025-09-01 02:32:03,505 INFO timetables_loader: Loading more planned data ...
2025-09-01 02:32:03,537 INFO timetables_loader: Loading more planned data ...
2025-09-01 02:32:03,565 INFO timetables_loader: Loading more planned data ...
2025-09-01 02:32:03,594 INFO timetables_loader: Loading more planned data ...
2025-09-01 02:32:03,621 INFO timetables_loader: Loading more planned data ...
2025-09-01 02:32:03,652 INFO timetables_loader: Loading more planned data ...
2025-09-01 02:32:03,687 INFO timetables_loader: Loading more planned data ...
2025-09-01 02:32:03,719 INFO timetables_loader: Loading more planned data ...
2025-09-01 02:32:03,750 INFO timetables_loader: Loading more planned data ...
2025-09-01 02:32:03,782 INFO timetables_loader: Loading more planned data ...
2025-09-01 02:32:03,817 INFO timetables_loader: Loading more planned data ...
2025-09-01 02:32:03,848 INFO timetables_loader: Loading more planned data ...
2025-09-01 02:32:03,878 INFO timetables_loader: Loading more planned data ...
2025-09-01 02:32:03,912 INFO timetables_loader: Loading more planned data ...
2025-09-01 02:32:03,945 INFO timetables_loader: Loading more planned data ...
2025-09-01 02:32:03,974 INFO timetables_loader: Loading more planned data ...
2025-09-01 02:32:04,006 INFO timetables_loader: Loading more planned data ...
2025-09-01 02:32:04,033 INFO timetables_loader: Loading more planned data ...
2025-09-01 02:32:04,062 INFO timetables_loader: Loading more planned data ...
2025-09-01 02:32:04,093 INFO timetables_loader: Loading more planned data ...
2025-09-01 02:32:04,123 INFO timetables_loader: Loading more planned data ...
2025-09-01 02:32:04,151 INFO timetables_loader: Loading more planned data ...
2025-09-01 02:32:04,183 INFO timetables_loader: Loading more planned data ...
2025-09-01 02:32:04,213 INFO timetables_loader: Loading more planned data ...
2025-09-01 02:32:04,242 INFO timetables_loader: Loading more planned data ...
2025-09-01 02:32:04,272 INFO timetables_loader: Loading more planned data ...
2025-09-01 02:32:04,302 INFO timetables_loader: Loading more planned data ...
2025-09-01 02:32:04,333 INFO timetables_loader: Loading more planned data ...
2025-09-01 02:32:04,361 INFO timetables_loader: Loading more planned data ...
2025-09-01 02:32:04,393 INFO timetables_loader: Loading more planned data ...
2025-09-01 02:32:04,423 INFO timetables_loader: Loading more planned data ...
2025-09-01 02:32:04,456 INFO timetables_loader: Loading more planned data ...
2025-09-01 02:32:04,486 INFO timetables_loader: Loading more planned data ...
2025-09-01 02:32:04,517 INFO timetables_loader: Loading more planned data ...
2025-09-01 02:32:04,547 INFO timetables_loader: Loading more planned data ...
2025-09-01 02:32:04,577 INFO timetables_loader: Loading more planned data ...
2025-09-01 02:32:04,607 INFO timetables_loader: Loading more planned data ...
2025-09-01 02:32:04,636 INFO timetables_loader: Loading more planned data ...
2025-09-01 02:32:04,667 INFO timetables_loader: Loading more planned data ...
2025-09-01 02:32:04,700 INFO timetables_loader: Loading more planned data ...
2025-09-01 02:32:04,733 INFO timetables_loader: Loading more planned data ...
2025-09-01 02:32:04,762 INFO timetables_loader: Loading more planned data ...
2025-09-01 02:32:04,791 INFO timetables_loader: Loading more planned data ...
2025-09-01 02:32:04,821 INFO timetables_loader: Loading more planned data ...
2025-09-01 02:32:04,851 INFO timetables_loader: Loading more planned data ...
2025-09-01 02:32:04,883 INFO timetables_loader: Loading more planned data ...
2025-09-01 02:32:04,917 INFO timetables_loader: Loading more planned data ...
2025-09-01 02:32:04,953 INFO timetables_loader: Loading more planned data ...
2025-09-01 02:32:04,983 INFO timetables_loader: Loading more planned data ...
2025-09-01 02:32:05,014 INFO timetables_loader: Loading more planned data ...
2025-09-01 02:32:05,042 INFO timetables_loader: Loading more planned data ...
2025-09-01 02:32:05,073 INFO timetables_loader: Loading more planned data ...
2025-09-01 02:32:05,112 INFO timetables_loader: Loading more planned data ...
2025-09-01 02:32:05,148 INFO timetables_loader: Loading more planned data ...
2025-09-01 02:32:05,178 INFO timetables_loader: Loading more planned data ...
2025-09-01 02:32:05,208 INFO timetables_loader: Loading more planned data ...
2025-09-01 02:32:05,238 INFO timetables_loader: Loading more planned data ...
2025-09-01 02:32:05,268 INFO timetables_loader: Loading more planned data ...
2025-09-01 02:32:05,298 INFO timetables_loader: Loading more planned data ...
2025-09-01 02:32:05,339 INFO timetables_loader: Loading more planned data ...
2025-09-01 02:32:05,371 INFO timetables_loader: Loading more planned data ...
2025-09-01 02:32:05,404 INFO timetables_loader: Loading more planned data ...
2025-09-01 02:32:05,436 INFO timetables_loader: Loading more planned data ...
2025-09-01 02:32:05,472 INFO timetables_loader: Loading more planned data ...
2025-09-01 02:32:05,503 INFO timetables_loader: Loading more planned data ...
2025-09-01 02:32:05,533 INFO timetables_loader: Loading more planned data ...
2025-09-01 02:32:05,564 INFO timetables_loader: Loading more planned data ...
2025-09-01 02:32:05,599 INFO timetables_loader: Loading more planned data ...
2025-09-01 02:32:05,632 INFO timetables_loader: Loading more planned data ...
2025-09-01 02:32:05,669 INFO timetables_loader: Loading more planned data ...
2025-09-01 02:32:05,702 INFO timetables_loader: Loading more planned data ...
2025-09-01 02:32:05,736 INFO timetables_loader: Loading more planned data ...
2025-09-01 02:32:05,765 INFO timetables_loader: Loading more planned data ...
2025-09-01 02:32:05,797 INFO timetables_loader: Loading more planned data ...
2025-09-01 02:32:05,831 INFO timetables_loader: Loading more planned data ...
2025-09-01 02:32:05,863 INFO timetables_loader: Loading more planned data ...
2025-09-01 02:32:05,897 INFO timetables_loader: Loading more planned data ...
2025-09-01 02:32:05,932 INFO timetables_loader: Loading more planned data ...
2025-09-01 02:32:05,962 INFO timetables_loader: Loading more planned data ...
2025-09-01 02:32:05,995 INFO timetables_loader: Loading more planned data ...
2025-09-01 02:32:06,032 INFO timetables_loader: Loading more planned data ...
2025-09-01 02:32:06,066 INFO timetables_loader: Loading more planned data ...
2025-09-01 02:32:06,098 INFO timetables_loader: Loading more planned data ...
2025-09-01 02:32:06,129 INFO timetables_loader: Loading more planned data ...
2025-09-01 02:32:06,165 INFO timetables_loader: Loading more planned data ...
2025-09-01 02:32:06,198 INFO timetables_loader: Loading more planned data ...
2025-09-01 02:32:06,228 INFO timetables_loader: Loading more planned data ...
2025-09-01 02:32:06,262 INFO timetables_loader: Loading more planned data ...
2025-09-01 02:32:06,296 INFO timetables_loader: Loading more planned data ...
2025-09-01 02:32:06,326 INFO timetables_loader: Loading more planned data ...
2025-09-01 02:32:06,356 INFO timetables_loader: Loading more planned data ...
2025-09-01 02:32:06,387 INFO timetables_loader: Loading more planned data ...
2025-09-01 02:32:06,419 INFO timetables_loader: Loading more planned data ...
2025-09-01 02:32:06,449 INFO timetables_loader: Loading more planned data ...
2025-09-01 02:32:06,481 INFO timetables_loader: Loading more planned data ...
2025-09-01 02:32:06,512 INFO timetables_loader: Loading more planned data ...
2025-09-01 02:32:06,541 INFO timetables_loader: Loading more planned data ...
2025-09-01 02:32:06,571 INFO timetables_loader: Loading more planned data ...
2025-09-01 02:32:06,601 INFO timetables_loader: Loading more planned data ...
2025-09-01 02:32:06,630 INFO timetables_loader: Loading more planned data ...
2025-09-01 02:32:06,661 INFO timetables_loader: Loading more planned data ...
2025-09-01 02:32:06,692 INFO timetables_loader: Loading more planned data ...
2025-09-01 02:32:06,725 INFO timetables_loader: Loading more planned data ...
2025-09-01 02:32:06,758 INFO timetables_loader: Loading more planned data ...
2025-09-01 02:32:06,800 INFO timetables_loader: Loading more planned data ...
2025-09-01 02:32:06,839 INFO timetables_loader: Loading more planned data ...
2025-09-01 02:32:06,872 INFO timetables_loader: Loading more planned data ...
2025-09-01 02:32:06,903 INFO timetables_loader: Loading more planned data ...
2025-09-01 02:32:06,930 INFO timetables_loader: Loading more planned data ...
2025-09-01 02:32:06,970 INFO timetables_loader: Loading more planned data ...
2025-09-01 02:32:07,003 INFO timetables_loader: Loading more planned data ...
2025-09-01 02:32:07,038 INFO timetables_loader: Loading more planned data ...
2025-09-01 02:32:07,075 INFO timetables_loader: Loading more planned data ...
2025-09-01 02:32:07,114 INFO timetables_loader: Loading more planned data ...
2025-09-01 02:32:07,163 INFO timetables_loader: Loading more planned data ...
2025-09-01 02:32:07,221 INFO timetables_loader: Loading more planned data ...
2025-09-01 02:32:07,272 INFO timetables_loader: Loading more planned data ...
2025-09-01 02:32:07,324 INFO timetables_loader: Loading more planned data ...
2025-09-01 02:32:07,407 INFO timetables_loader: Loading more planned data ...
2025-09-01 02:32:07,441 INFO timetables_loader: Loading more planned data ...
2025-09-01 02:32:07,477 INFO timetables_loader: Loading more planned data ...
2025-09-01 02:32:07,508 INFO timetables_loader: Loading more planned data ...
2025-09-01 02:32:07,537 INFO timetables_loader: Loading more planned data ...
2025-09-01 02:32:07,565 INFO timetables_loader: Loading more planned data ...
2025-09-01 02:32:07,597 INFO timetables_loader: Loading more planned data ...
2025-09-01 02:32:07,631 INFO timetables_loader: Loading more planned data ...
2025-09-01 02:32:07,661 INFO timetables_loader: Loading more planned data ...
2025-09-01 02:32:07,692 INFO timetables_loader: Loading more planned data ...
2025-09-01 02:32:07,723 INFO timetables_loader: Loading more planned data ...
2025-09-01 02:32:07,752 INFO timetables_loader: Loading more planned data ...
2025-09-01 02:32:07,786 INFO timetables_loader: Loading more planned data ...
2025-09-01 02:32:07,825 INFO timetables_loader: Loading more planned data ...
2025-09-01 02:32:07,864 INFO timetables_loader: Loading more planned data ...
2025-09-01 02:32:07,899 INFO timetables_loader: Loading more planned data ...
2025-09-01 02:32:07,929 INFO timetables_loader: Loading more planned data ...
2025-09-01 02:32:07,958 INFO timetables_loader: Loading more planned data ...
2025-09-01 02:32:07,990 INFO timetables_loader: Loading more planned data ...
2025-09-01 02:32:08,023 INFO timetables_loader: Loading more planned data ...
2025-09-01 02:32:08,054 INFO timetables_loader: Loading more planned data ...
2025-09-01 02:32:08,090 INFO timetables_loader: Loading more planned data ...
2025-09-01 02:32:08,124 INFO timetables_loader: Loading more planned data ...
2025-09-01 02:32:08,157 INFO timetables_loader: Loading more planned data ...
2025-09-01 02:32:08,189 INFO timetables_loader: Loading more planned data ...
2025-09-01 02:32:08,222 INFO timetables_loader: Loading more planned data ...
2025-09-01 02:32:08,253 INFO timetables_loader: Loading more planned data ...
2025-09-01 02:32:08,282 INFO timetables_loader: Loading more planned data ...
2025-09-01 02:32:08,314 INFO timetables_loader: Loading more planned data ...
2025-09-01 02:32:08,345 INFO timetables_loader: Loading more planned data ...
2025-09-01 02:32:08,381 INFO timetables_loader: Loading more planned data ...
2025-09-01 02:32:08,415 INFO timetables_loader: Loading more planned data ...
2025-09-01 02:32:08,446 INFO timetables_loader: Loading more planned data ...
2025-09-01 02:32:08,481 INFO timetables_loader: Loading more planned data ...
2025-09-01 02:32:08,516 INFO timetables_loader: Loading more planned data ...
2025-09-01 02:32:08,548 INFO timetables_loader: Loading more planned data ...
2025-09-01 02:32:08,580 INFO timetables_loader: Loading more planned data ...
2025-09-01 02:32:08,609 INFO timetables_loader: Loading more planned data ...
2025-09-01 02:32:08,641 INFO timetables_loader: Loading more planned data ...
2025-09-01 02:32:08,670 INFO timetables_loader: Loading more planned data ...
2025-09-01 02:32:08,701 INFO timetables_loader: Loading more planned data ...
2025-09-01 02:32:08,729 INFO timetables_loader: Loading more planned data ...
2025-09-01 02:32:08,762 INFO timetables_loader: Loading more planned data ...
2025-09-01 02:32:08,792 INFO timetables_loader: Loading more planned data ...
2025-09-01 02:32:08,822 INFO timetables_loader: Loading more planned data ...
2025-09-01 02:32:08,852 INFO timetables_loader: Loading more planned data ...
2025-09-01 02:32:08,892 INFO timetables_loader: Loading more planned data ...
2025-09-01 02:32:08,991 INFO timetables_loader: Loading more planned data ...
2025-09-01 02:32:09,021 INFO timetables_loader: Loading more planned data ...
2025-09-01 02:32:09,053 INFO timetables_loader: Loading more planned data ...
2025-09-01 02:32:09,082 INFO timetables_loader: Loading more planned data ...
2025-09-01 02:32:09,112 INFO timetables_loader: Loading more planned data ...
2025-09-01 02:32:09,145 INFO timetables_loader: Loading more planned data ...
2025-09-01 02:32:09,179 INFO timetables_loader: Loading more planned data ...
2025-09-01 02:32:09,210 INFO timetables_loader: Loading more planned data ...
2025-09-01 02:32:09,241 INFO timetables_loader: Loading more planned data ...
2025-09-01 02:32:09,272 INFO timetables_loader: Loading more planned data ...
2025-09-01 02:32:09,309 INFO timetables_loader: Loading more planned data ...
2025-09-01 02:32:09,340 INFO timetables_loader: Loading more planned data ...
2025-09-01 02:32:09,372 INFO timetables_loader: Loading more planned data ...
2025-09-01 02:32:09,405 INFO timetables_loader: Loading more planned data ...
2025-09-01 02:32:09,440 INFO timetables_loader: Loading more planned data ...
2025-09-01 02:32:09,472 INFO timetables_loader: Loading more planned data ...
2025-09-01 02:32:09,500 INFO timetables_loader: Loading more planned data ...
2025-09-01 02:32:09,526 INFO timetables_loader: Loading more planned data ...
2025-09-01 02:32:09,563 INFO timetables_loader: Loading more planned data ...
2025-09-01 02:32:09,597 INFO timetables_loader: Loading more planned data ...
2025-09-01 02:32:09,629 INFO timetables_loader: Loading more planned data ...
2025-09-01 02:32:09,656 INFO timetables_loader: Loading more planned data ...
2025-09-01 02:32:09,687 INFO timetables_loader: Loading more planned data ...
2025-09-01 02:32:09,727 INFO timetables_loader: Loading more planned data ...
2025-09-01 02:32:09,762 INFO timetables_loader: Loading more planned data ...
2025-09-01 02:32:09,793 INFO timetables_loader: Loading more planned data ...
2025-09-01 02:32:09,824 INFO timetables_loader: Loading more planned data ...
2025-09-01 02:32:09,855 INFO timetables_loader: Loading more planned data ...
2025-09-01 02:32:09,892 INFO timetables_loader: Loading more planned data ...
2025-09-01 02:32:09,931 INFO timetables_loader: Loading more planned data ...
2025-09-01 02:32:09,960 INFO timetables_loader: Loading more planned data ...
2025-09-01 02:32:09,992 INFO timetables_loader: Loading more planned data ...
2025-09-01 02:32:10,025 INFO timetables_loader: Loading more planned data ...
2025-09-01 02:32:10,056 INFO timetables_loader: Loading more planned data ...
2025-09-01 02:32:10,087 INFO timetables_loader: Loading more planned data ...
2025-09-01 02:32:10,116 INFO timetables_loader: Loading more planned data ...
2025-09-01 02:32:10,148 INFO timetables_loader: Loading more planned data ...
2025-09-01 02:32:10,180 INFO timetables_loader: Loading more planned data ...
2025-09-01 02:32:10,214 INFO timetables_loader: Loading more planned data ...
2025-09-01 02:32:10,247 INFO timetables_loader: Loading more planned data ...
2025-09-01 02:32:10,280 INFO timetables_loader: Loading more planned data ...
2025-09-01 02:32:10,314 INFO timetables_loader: Loading more planned data ...
2025-09-01 02:32:10,352 INFO timetables_loader: Loading more planned data ...
2025-09-01 02:32:10,381 INFO timetables_loader: Loading more planned data ...
2025-09-01 02:32:10,416 INFO timetables_loader: Loading more planned data ...
2025-09-01 02:32:10,445 INFO timetables_loader: Loading more planned data ...
2025-09-01 02:32:10,472 INFO timetables_loader: Loading more planned data ...
2025-09-01 02:32:10,502 INFO timetables_loader: Loading more planned data ...
2025-09-01 02:32:10,532 INFO timetables_loader: Loading more planned data ...
2025-09-01 02:32:10,561 INFO timetables_loader: Loading more planned data ...
2025-09-01 02:32:10,594 INFO timetables_loader: Loading more planned data ...
2025-09-01 02:32:10,625 INFO timetables_loader: Loading more planned data ...
2025-09-01 02:32:10,655 INFO timetables_loader: Loading more planned data ...
2025-09-01 02:32:10,687 INFO timetables_loader: Loading more planned data ...
2025-09-01 02:32:10,715 INFO timetables_loader: Loading more planned data ...
2025-09-01 02:32:10,745 INFO timetables_loader: Loading more planned data ...
2025-09-01 02:32:10,775 INFO timetables_loader: Loading more planned data ...
2025-09-01 02:32:10,810 INFO timetables_loader: Loading more planned data ...
2025-09-01 02:32:10,843 INFO timetables_loader: Loading more planned data ...
2025-09-01 02:32:10,874 INFO timetables_loader: Loading more planned data ...
2025-09-01 02:32:10,903 INFO timetables_loader: Loading more planned data ...
2025-09-01 02:32:10,933 INFO timetables_loader: Loading more planned data ...
2025-09-01 02:32:10,961 INFO timetables_loader: Loading more planned data ...
2025-09-01 02:32:11,003 INFO timetables_loader: Loading more planned data ...
2025-09-01 02:32:11,034 INFO timetables_loader: Loading more planned data ...
2025-09-01 02:32:11,067 INFO timetables_loader: Loading more planned data ...
2025-09-01 02:32:11,099 INFO timetables_loader: Loading more planned data ...
2025-09-01 02:32:11,129 INFO timetables_loader: Loading more planned data ...
2025-09-01 02:32:11,160 INFO timetables_loader: Loading more planned data ...
2025-09-01 02:32:11,196 INFO timetables_loader: Loading more planned data ...
2025-09-01 02:32:11,228 INFO timetables_loader: Loading more planned data ...
2025-09-01 02:32:11,256 INFO timetables_loader: Loading more planned data ...
2025-09-01 02:32:11,288 INFO timetables_loader: Loading more planned data ...
2025-09-01 02:32:11,317 INFO timetables_loader: Loading more planned data ...
2025-09-01 02:32:11,351 INFO timetables_loader: Loading more planned data ...
2025-09-01 02:32:11,382 INFO timetables_loader: Loading more planned data ...
2025-09-01 02:32:11,418 INFO timetables_loader: Loading more planned data ...
2025-09-01 02:32:11,446 INFO timetables_loader: Loading more planned data ...
2025-09-01 02:32:11,482 INFO timetables_loader: Loading more planned data ...
2025-09-01 02:32:11,514 INFO timetables_loader: Loading more planned data ...
2025-09-01 02:32:11,544 INFO timetables_loader: Loading more planned data ...
2025-09-01 02:32:11,581 INFO timetables_loader: Loading more planned data ...
2025-09-01 02:32:11,611 INFO timetables_loader: Loading more planned data ...
2025-09-01 02:32:11,667 INFO timetables_loader: Loading more planned data ...
2025-09-01 02:32:11,702 INFO timetables_loader: Loading more planned data ...
2025-09-01 02:32:11,733 INFO timetables_loader: Loading more planned data ...
2025-09-01 02:32:11,767 INFO timetables_loader: Loading more planned data ...
2025-09-01 02:32:11,796 INFO timetables_loader: Loading more planned data ...
2025-09-01 02:32:11,826 INFO timetables_loader: Loading more planned data ...
2025-09-01 02:32:11,856 INFO timetables_loader: Loading more planned data ...
2025-09-01 02:32:11,887 INFO timetables_loader: Loading more planned data ...
2025-09-01 02:32:11,926 INFO timetables_loader: Loading more planned data ...
2025-09-01 02:32:11,960 INFO timetables_loader: Loading more planned data ...
2025-09-01 02:32:11,991 INFO timetables_loader: Loading more planned data ...
2025-09-01 02:32:12,032 INFO timetables_loader: Loading more planned data ...
2025-09-01 02:32:12,064 INFO timetables_loader: Loading more planned data ...
2025-09-01 02:32:12,098 INFO timetables_loader: Loading more planned data ...
2025-09-01 02:32:12,136 INFO timetables_loader: Loading more planned data ...
2025-09-01 02:32:12,164 INFO timetables_loader: Loading more planned data ...
2025-09-01 02:32:12,195 INFO timetables_loader: Loading more planned data ...
2025-09-01 02:32:12,223 INFO timetables_loader: Loading more planned data ...
2025-09-01 02:32:12,252 INFO timetables_loader: Loading more planned data ...
2025-09-01 02:32:12,285 INFO timetables_loader: Loading more planned data ...
2025-09-01 02:32:12,317 INFO timetables_loader: Loading more planned data ...
2025-09-01 02:32:12,348 INFO timetables_loader: Loading more planned data ...
2025-09-01 02:32:12,385 INFO timetables_loader: Loading more planned data ...
2025-09-01 02:32:12,417 INFO timetables_loader: Loading more planned data ...
2025-09-01 02:32:12,451 INFO timetables_loader: Loading more planned data ...
2025-09-01 02:32:12,489 INFO timetables_loader: Loading more planned data ...
2025-09-01 02:32:12,535 INFO timetables_loader: Loading more planned data ...
2025-09-01 02:32:12,568 INFO timetables_loader: Loading more planned data ...
2025-09-01 02:32:12,603 INFO timetables_loader: Loading more planned data ...
2025-09-01 02:32:12,635 INFO timetables_loader: Loading more planned data ...
2025-09-01 02:32:12,669 INFO timetables_loader: Loading more planned data ...
2025-09-01 02:32:12,702 INFO timetables_loader: Loading more planned data ...
2025-09-01 02:32:12,738 INFO timetables_loader: Loading more planned data ...
2025-09-01 02:32:12,768 INFO timetables_loader: Loading more planned data ...
2025-09-01 02:32:12,802 INFO timetables_loader: Loading more planned data ...
2025-09-01 02:32:12,835 INFO timetables_loader: Loading more planned data ...
2025-09-01 02:32:12,865 INFO timetables_loader: Loading more planned data ...
2025-09-01 02:32:12,909 INFO timetables_loader: Loading more planned data ...
2025-09-01 02:32:12,942 INFO timetables_loader: Loading more planned data ...
2025-09-01 02:32:12,973 INFO timetables_loader: Loading more planned data ...
2025-09-01 02:32:13,015 INFO timetables_loader: Loading more planned data ...
2025-09-01 02:32:13,048 INFO timetables_loader: Loading more planned data ...
2025-09-01 02:32:13,079 INFO timetables_loader: Loading more planned data ...
2025-09-01 02:32:13,112 INFO timetables_loader: Loading more planned data ...
2025-09-01 02:32:13,144 INFO timetables_loader: Loading more planned data ...
2025-09-01 02:32:13,188 INFO timetables_loader: Loading more planned data ...
2025-09-01 02:32:13,227 INFO timetables_loader: Loading more planned data ...
2025-09-01 02:32:13,261 INFO timetables_loader: Loading more planned data ...
2025-09-01 02:32:13,290 INFO timetables_loader: Loading more planned data ...
2025-09-01 02:32:13,323 INFO timetables_loader: Loading more planned data ...
2025-09-01 02:32:13,361 INFO timetables_loader: Loading more planned data ...
2025-09-01 02:32:13,399 INFO timetables_loader: Loading more planned data ...
2025-09-01 02:32:13,431 INFO timetables_loader: Loading more planned data ...
2025-09-01 02:32:13,465 INFO timetables_loader: Loading more planned data ...
2025-09-01 02:32:13,496 INFO timetables_loader: Loading more planned data ...
2025-09-01 02:32:13,528 INFO timetables_loader: Loading more planned data ...
2025-09-01 02:32:13,561 INFO timetables_loader: Loading more planned data ...
2025-09-01 02:32:13,599 INFO timetables_loader: Loading more planned data ...
2025-09-01 02:32:13,629 INFO timetables_loader: Loading more planned data ...
2025-09-01 02:32:13,662 INFO timetables_loader: Loading more planned data ...
2025-09-01 02:32:13,697 INFO timetables_loader: Loading more planned data ...
2025-09-01 02:32:13,730 INFO timetables_loader: Loading more planned data ...
2025-09-01 02:32:13,767 INFO timetables_loader: Loading more planned data ...
2025-09-01 02:32:13,808 INFO timetables_loader: Loading more planned data ...
2025-09-01 02:32:13,840 INFO timetables_loader: Loading more planned data ...
2025-09-01 02:32:13,872 INFO timetables_loader: Loading more planned data ...
2025-09-01 02:32:13,906 INFO timetables_loader: Loading more planned data ...
2025-09-01 02:32:13,943 INFO timetables_loader: Loading more planned data ...
2025-09-01 02:32:13,974 INFO timetables_loader: Loading more planned data ...
2025-09-01 02:32:14,006 INFO timetables_loader: Loading more planned data ...
2025-09-01 02:32:14,041 INFO timetables_loader: Loading more planned data ...
2025-09-01 02:32:14,088 INFO timetables_loader: Loading more planned data ...
2025-09-01 02:32:14,119 INFO timetables_loader: Loading more planned data ...
2025-09-01 02:32:14,149 INFO timetables_loader: Loading more planned data ...
2025-09-01 02:32:14,179 INFO timetables_loader: Loading more planned data ...
2025-09-01 02:32:14,209 INFO timetables_loader: Loading more planned data ...
2025-09-01 02:32:14,248 INFO timetables_loader: Loading more planned data ...
2025-09-01 02:32:14,281 INFO timetables_loader: Loading more planned data ...
2025-09-01 02:32:14,311 INFO timetables_loader: Loading more planned data ...
2025-09-01 02:32:14,342 INFO timetables_loader: Loading more planned data ...
2025-09-01 02:32:14,371 INFO timetables_loader: Loading more planned data ...
2025-09-01 02:32:14,401 INFO timetables_loader: Loading more planned data ...
2025-09-01 02:32:14,430 INFO timetables_loader: Loading more planned data ...
2025-09-01 02:32:14,467 INFO timetables_loader: Loading more planned data ...
2025-09-01 02:32:14,495 INFO timetables_loader: Loading more planned data ...
2025-09-01 02:32:14,526 INFO timetables_loader: Loading more planned data ...
2025-09-01 02:32:14,566 INFO timetables_loader: Loading more planned data ...
2025-09-01 02:32:14,597 INFO timetables_loader: Loading more planned data ...
2025-09-01 02:32:14,625 INFO timetables_loader: Loading more planned data ...
2025-09-01 02:32:14,655 INFO timetables_loader: Loading more planned data ...
2025-09-01 02:32:14,685 INFO timetables_loader: Loading more planned data ...
2025-09-01 02:32:14,721 INFO timetables_loader: Loading more planned data ...
2025-09-01 02:32:14,751 INFO timetables_loader: Loading more planned data ...
2025-09-01 02:32:14,784 INFO timetables_loader: Loading more planned data ...
2025-09-01 02:32:14,823 INFO timetables_loader: Loading more planned data ...
2025-09-01 02:32:14,852 INFO timetables_loader: Loading more planned data ...
2025-09-01 02:32:14,882 INFO timetables_loader: Loading more planned data ...
2025-09-01 02:32:14,910 INFO timetables_loader: Loading more planned data ...
2025-09-01 02:32:14,940 INFO timetables_loader: Loading more planned data ...
2025-09-01 02:32:14,970 INFO timetables_loader: Loading more planned data ...
2025-09-01 02:32:15,008 INFO timetables_loader: Loading more planned data ...
2025-09-01 02:32:15,043 INFO timetables_loader: Loading more planned data ...
2025-09-01 02:32:15,073 INFO timetables_loader: Loading more planned data ...
2025-09-01 02:32:15,103 INFO timetables_loader: Loading more planned data ...
2025-09-01 02:32:15,139 INFO timetables_loader: Loading more planned data ...
2025-09-01 02:32:15,170 INFO timetables_loader: Loading more planned data ...
2025-09-01 02:32:15,208 INFO timetables_loader: Loading more planned data ...
2025-09-01 02:32:15,234 INFO timetables_loader: Loading more planned data ...
2025-09-01 02:32:15,264 INFO timetables_loader: Loading more planned data ...
2025-09-01 02:32:15,294 INFO timetables_loader: Loading more planned data ...
2025-09-01 02:32:15,324 INFO timetables_loader: Loading more planned data ...
2025-09-01 02:32:15,366 INFO timetables_loader: Loading more planned data ...
2025-09-01 02:32:15,397 INFO timetables_loader: Loading more planned data ...
2025-09-01 02:32:15,426 INFO timetables_loader: Loading more planned data ...
2025-09-01 02:32:15,457 INFO timetables_loader: Loading more planned data ...
2025-09-01 02:32:15,488 INFO timetables_loader: Loading more planned data ...
2025-09-01 02:32:15,518 INFO timetables_loader: Loading more planned data ...
2025-09-01 02:32:15,539 INFO timetables_loader: Stopping TimetablesLoader
2025-09-01 02:32:15,540 INFO timetables_loader: TimetablesLoader stopped
2025-09-01 02:37:55,777 INFO timetables_loader: Starting TimetablesLoader
2025-09-01 02:37:56,113 INFO timetables_loader: Finished initial fetch
2025-09-01 02:37:56,114 INFO timetables_loader: Start interval fetching ...
2025-09-01 02:37:56,114 ERROR timetables_loader: Error in TimetablesLoader: unconverted data remains: 0901
2025-09-01 02:37:56,114 INFO timetables_loader: TimetablesLoader stopped due to error
